Started GET "/holidays" for 127.0.0.1 at 2017-07-23 21:23:31 +0600
  
ActiveRecord::PendingMigrationError (

Migrations are pending. To resolve this issue, run:

        bin/rails db:migrate RAILS_ENV=development

):
  
activerecord (5.1.2) lib/active_record/migration.rb:576:in `check_pending!'
activerecord (5.1.2) lib/active_record/migration.rb:553:in `call'
actionpack (5.1.2) lib/action_dispatch/middleware/callbacks.rb:26:in `block in call'
activesupport (5.1.2) lib/active_support/callbacks.rb:97:in `run_callbacks'
actionpack (5.1.2) lib/action_dispatch/middleware/callbacks.rb:24:in `call'
actionpack (5.1.2) lib/action_dispatch/middleware/executor.rb:12:in `call'
actionpack (5.1.2) lib/action_dispatch/middleware/debug_exceptions.rb:59:in `call'
actionpack (5.1.2) lib/action_dispatch/middleware/show_exceptions.rb:31:in `call'
railties (5.1.2) lib/rails/rack/logger.rb:36:in `call_app'
railties (5.1.2) lib/rails/rack/logger.rb:24:in `block in call'
activesupport (5.1.2) lib/active_support/tagged_logging.rb:69:in `block in tagged'
activesupport (5.1.2) lib/active_support/tagged_logging.rb:26:in `tagged'
activesupport (5.1.2) lib/active_support/tagged_logging.rb:69:in `tagged'
railties (5.1.2) lib/rails/rack/logger.rb:24:in `call'
actionpack (5.1.2) lib/action_dispatch/middleware/remote_ip.rb:79:in `call'
actionpack (5.1.2) lib/action_dispatch/middleware/request_id.rb:25:in `call'
rack (2.0.3) lib/rack/runtime.rb:22:in `call'
activesupport (5.1.2) lib/active_support/cache/strategy/local_cache_middleware.rb:27:in `call'
actionpack (5.1.2) lib/action_dispatch/middleware/executor.rb:12:in `call'
actionpack (5.1.2) lib/action_dispatch/middleware/static.rb:125:in `call'
rack (2.0.3) lib/rack/sendfile.rb:111:in `call'
railties (5.1.2) lib/rails/engine.rb:522:in `call'
puma (3.9.1) lib/puma/configuration.rb:224:in `call'
puma (3.9.1) lib/puma/server.rb:602:in `handle_request'
puma (3.9.1) lib/puma/server.rb:435:in `process_client'
puma (3.9.1) lib/puma/server.rb:299:in `block in run'
puma (3.9.1) lib/puma/thread_pool.rb:120:in `block in spawn_thread'
  [1m[35m (0.0ms)[0m  [1m[34mSELECT sqlite_version(*)[0m
  [1m[35m (17.9ms)[0m  [1m[35mCREATE TABLE "schema_migrations" ("version" varchar NOT NULL PRIMARY KEY)[0m
  [1m[35m (10.1ms)[0m  [1m[35mCREATE TABLE "ar_internal_metadata" ("key" varchar NOT NULL PRIMARY KEY, "value" varchar, "created_at" datetime NOT NULL, "updated_at" datetime NOT NULL)[0m
  [1m[35m (0.0ms)[0m  [1m[34mSELECT "schema_migrations"."version" FROM "schema_migrations" ORDER BY "schema_migrations"."version" ASC[0m
Migrating to CreateHolidays (20170723152231)
  [1m[35m (0.0ms)[0m  [1m[36mbegin transaction[0m
  [1m[35m (1.0ms)[0m  [1m[35mCREATE TABLE "holidays" ("id" INTEGER PRIMARY KEY AUTOINCREMENT NOT NULL, "reason" varchar, "starting_date" varchar, "ending_date" varchar, "created_at" datetime NOT NULL, "updated_at" datetime NOT NULL)[0m
  [1m[35mSQL (0.0ms)[0m  [1m[32mINSERT INTO "schema_migrations" ("version") VALUES (?)[0m  [["version", "20170723152231"]]
  [1m[35m (7.0ms)[0m  [1m[36mcommit transaction[0m
  [1m[36mActiveRecord::InternalMetadata Load (1.0ms)[0m  [1m[34mSELECT  "ar_internal_metadata".* FROM "ar_internal_metadata" WHERE "ar_internal_metadata"."key" = ? LIMIT ?[0m  [["key", "environment"], ["LIMIT", 1]]
  [1m[35m (0.0ms)[0m  [1m[36mbegin transaction[0m
  [1m[35mSQL (1.0ms)[0m  [1m[32mINSERT INTO "ar_internal_metadata" ("key", "value", "created_at", "updated_at") VALUES (?, ?, ?, ?)[0m  [["key", "environment"], ["value", "development"], ["created_at", "2017-07-23 15:23:47.977348"], ["updated_at", "2017-07-23 15:23:47.977348"]]
  [1m[35m (5.7ms)[0m  [1m[36mcommit transaction[0m
  [1m[35m (0.0ms)[0m  [1m[34mSELECT "schema_migrations"."version" FROM "schema_migrations" ORDER BY "schema_migrations"."version" ASC[0m
Started GET "/holidays" for 127.0.0.1 at 2017-07-23 21:24:03 +0600
  [1m[35m (0.0ms)[0m  [1m[34mSELECT "schema_migrations"."version" FROM "schema_migrations" ORDER BY "schema_migrations"."version" ASC[0m
Processing by HolidaysController#index as */*
  [1m[36mHoliday Load (0.0ms)[0m  [1m[34mSELECT "holidays".* FROM "holidays"[0m
Completed 200 OK in 6ms (Views: 1.9ms | ActiveRecord: 1.0ms)


Started GET "/holidays" for 127.0.0.1 at 2017-07-23 21:38:24 +0600
  [1m[35m (0.0ms)[0m  [1m[34mSELECT "schema_migrations"."version" FROM "schema_migrations" ORDER BY "schema_migrations"."version" ASC[0m
Processing by HolidaysController#index as */*
  [1m[36mHoliday Load (1.0ms)[0m  [1m[34mSELECT "holidays".* FROM "holidays"[0m
Completed 200 OK in 8ms (Views: 2.1ms | ActiveRecord: 1.0ms)


Started POST "/holidays" for 127.0.0.1 at 2017-07-23 21:39:30 +0600
Processing by HolidaysController#create as */*
  Parameters: {"reason"=>"Eid", "starting_date"=>"25-07-2017", "ending_date"=>"01-08-2017"}
  [1m[35m (0.0ms)[0m  [1m[36mbegin transaction[0m
  [1m[35mSQL (1.0ms)[0m  [1m[32mINSERT INTO "holidays" ("reason", "starting_date", "ending_date", "created_at", "updated_at") VALUES (?, ?, ?, ?, ?)[0m  [["reason", "Eid"], ["starting_date", "25-07-2017"], ["ending_date", "01-08-2017"], ["created_at", "2017-07-23 15:39:30.392808"], ["updated_at", "2017-07-23 15:39:30.392808"]]
  [1m[35m (6.0ms)[0m  [1m[36mcommit transaction[0m
Completed 201 Created in 31ms (Views: 1.9ms | ActiveRecord: 9.0ms)


Started POST "/holidays" for 127.0.0.1 at 2017-07-23 21:39:37 +0600
Processing by HolidaysController#create as */*
  Parameters: {"reason"=>"Eid", "starting_date"=>"25-07-2017", "ending_date"=>""}
  [1m[35m (0.0ms)[0m  [1m[36mbegin transaction[0m
  [1m[35m (0.0ms)[0m  [1m[31mrollback transaction[0m
Completed 422 Unprocessable Entity in 12ms (Views: 0.4ms | ActiveRecord: 0.0ms)


Started GET "/holidays" for 127.0.0.1 at 2017-07-23 21:39:46 +0600
Processing by HolidaysController#index as */*
  [1m[36mHoliday Load (0.0ms)[0m  [1m[34mSELECT "holidays".* FROM "holidays"[0m
Completed 200 OK in 6ms (Views: 5.0ms | ActiveRecord: 0.0ms)


